<?xml version="1.0" encoding="UTF-8"?>
<!-- Generated by org.testng.reporters.JUnitReportReporter -->
<testsuite hostname="LAPTOP-HH7IGSDH" failures="0" tests="1" name="com.DsAlgoProject.testCases.TC_RegisterTest_001" time="49.447" errors="0" timestamp="24 Jan 2022 06:24:04 GMT" skipped="0">
  <testcase classname="com.DsAlgoProject.testCases.TC_RegisterTest_001" name="Registertest" time="49.447"/>
</testsuite> <!-- com.DsAlgoProject.testCases.TC_RegisterTest_001 -->
