<?xml version="1.0" encoding="UTF-8"?>
<!-- Generated by org.testng.reporters.JUnitReportReporter -->
<testsuite hostname="LAPTOP-HH7IGSDH" failures="0" tests="1" name="com.DsAlgoProject.testCases.TC_DataStructure_StackTest_001" time="112.473" errors="0" timestamp="25 Jan 2022 18:28:06 GMT" skipped="0">
  <testcase classname="com.DsAlgoProject.testCases.TC_DataStructure_StackTest_001" name="StackTest" time="112.473"/>
</testsuite> <!-- com.DsAlgoProject.testCases.TC_DataStructure_StackTest_001 -->
