<?xml version="1.0" encoding="UTF-8"?>
<!-- Generated by org.testng.reporters.JUnitReportReporter -->
<testsuite hostname="LAPTOP-HH7IGSDH" failures="0" tests="1" name="com.DsAlgoProject.testCases.TC_DataStructure_GraphTest_001" time="92.563" errors="0" timestamp="26 Jan 2022 00:11:16 GMT" skipped="0">
  <testcase classname="com.DsAlgoProject.testCases.TC_DataStructure_GraphTest_001" name="Graph_Test" time="92.563"/>
</testsuite> <!-- com.DsAlgoProject.testCases.TC_DataStructure_GraphTest_001 -->
